# JRE version: Java(TM) SE Runtime Environment (8.0_45-b14) (build 1.8.0_45-b14)
# Java VM: Java HotSpot(TM) 64-Bit Server VM (25.45-b02 mixed mode windows-amd64 compressed oops)
Heap:
 PSYoungGen      total 31232K, used 3620K [0x00000000ec600000, 0x00000000f0980000, 0x0000000100000000)
  eden space 28672K, 3% used [0x00000000ec600000,0x00000000ec70d6c8,0x00000000ee200000)
  from space 2560K, 99% used [0x00000000ee200000,0x00000000ee47bc40,0x00000000ee480000)
  to   space 8704K, 0% used [0x00000000f0100000,0x00000000f0100000,0x00000000f0980000)
 ParOldGen       total 34816K, used 10871K [0x00000000c5200000, 0x00000000c7400000, 0x00000000ec600000)
  object space 34816K, 31% used [0x00000000c5200000,0x00000000c5c9dc38,0x00000000c7400000)
 Metaspace       used 22383K, capacity 22690K, committed 22960K, reserved 1069056K
  class space    used 2831K, capacity 2922K, committed 2944K, reserved 1048576K
GC Heap History (10 events):
Event: 4.141 GC heap before
{Heap before GC invocations=2 (full 0):
 PSYoungGen      total 17920K, used 17895K [0x00000000ec600000, 0x00000000ee900000, 0x0000000100000000)
  eden space 15360K, 100% used [0x00000000ec600000,0x00000000ed500000,0x00000000ed500000)
  from space 2560K, 99% used [0x00000000ed500000,0x00000000ed779c50,0x00000000ed780000)
  to   space 2560K, 0% used [0x00000000ee680000,0x00000000ee680000,0x00000000ee900000)
 ParOldGen       total 40960K, used 1397K [0x00000000c5200000, 0x00000000c7a00000, 0x00000000ec600000)
  object space 40960K, 3% used [0x00000000c5200000,0x00000000c535d420,0x00000000c7a00000)
 Metaspace       used 17254K, capacity 17562K, committed 17792K, reserved 1064960K
  class space    used 2322K, capacity 2398K, committed 2432K, reserved 1048576K
Event: 4.151 GC heap after
Heap after GC invocations=2 (full 0):
 PSYoungGen      total 17920K, used 2539K [0x00000000ec600000, 0x00000000ee900000, 0x0000000100000000)
  eden space 15360K, 0% used [0x00000000ec600000,0x00000000ec600000,0x00000000ed500000)
  from space 2560K, 99% used [0x00000000ee680000,0x00000000ee8fae00,0x00000000ee900000)
  to   space 2560K, 0% used [0x00000000ed500000,0x00000000ed500000,0x00000000ed780000)
 ParOldGen       total 40960K, used 6910K [0x00000000c5200000, 0x00000000c7a00000, 0x00000000ec600000)
  object space 40960K, 16% used [0x00000000c5200000,0x00000000c58bf990,0x00000000c7a00000)
 Metaspace       used 17254K, capacity 17562K, committed 17792K, reserved 1064960K
  class space    used 2322K, capacity 2398K, committed 2432K, reserved 1048576K
}
Event: 5.228 GC heap before
{Heap before GC invocations=3 (full 0):
 PSYoungGen      total 17920K, used 17899K [0x00000000ec600000, 0x00000000ee900000, 0x0000000100000000)
  eden space 15360K, 100% used [0x00000000ec600000,0x00000000ed500000,0x00000000ed500000)
  from space 2560K, 99% used [0x00000000ee680000,0x00000000ee8fae00,0x00000000ee900000)
  to   space 2560K, 0% used [0x00000000ed500000,0x00000000ed500000,0x00000000ed780000)
 ParOldGen       total 40960K, used 6910K [0x00000000c5200000, 0x00000000c7a00000, 0x00000000ec600000)
  object space 40960K, 16% used [0x00000000c5200000,0x00000000c58bf990,0x00000000c7a00000)
 Metaspace       used 20719K, capacity 20986K, committed 21248K, reserved 1067008K
  class space    used 2674K, capacity 2750K, committed 2816K, reserved 1048576K
Event: 5.238 GC heap after
Heap after GC invocations=3 (full 0):
 PSYoungGen      total 17920K, used 2531K [0x00000000ec600000, 0x00000000ee700000, 0x0000000100000000)
  eden space 15360K, 0% used [0x00000000ec600000,0x00000000ec600000,0x00000000ed500000)
  from space 2560K, 98% used [0x00000000ed500000,0x00000000ed778d90,0x00000000ed780000)
  to   space 2560K, 0% used [0x00000000ee480000,0x00000000ee480000,0x00000000ee700000)
 ParOldGen       total 40960K, used 9918K [0x00000000c5200000, 0x00000000c7a00000, 0x00000000ec600000)
  object space 40960K, 24% used [0x00000000c5200000,0x00000000c5baf9d0,0x00000000c7a00000)
 Metaspace       used 20719K, capacity 20986K, committed 21248K, reserved 1067008K
  class space    used 2674K, capacity 2750K, committed 2816K, reserved 1048576K
}
Event: 5.254 GC heap before
{Heap before GC invocations=4 (full 0):
 PSYoungGen      total 17920K, used 2852K [0x00000000ec600000, 0x00000000ee700000, 0x0000000100000000)
  eden space 15360K, 2% used [0x00000000ec600000,0x00000000ec650538,0x00000000ed500000)
  from space 2560K, 98% used [0x00000000ed500000,0x00000000ed778d90,0x00000000ed780000)
  to   space 2560K, 0% used [0x00000000ee480000,0x00000000ee480000,0x00000000ee700000)
 ParOldGen       total 40960K, used 9918K [0x00000000c5200000, 0x00000000c7a00000, 0x00000000ec600000)
  object space 40960K, 24% used [0x00000000c5200000,0x00000000c5baf9d0,0x00000000c7a00000)
 Metaspace       used 20751K, capacity 20992K, committed 21296K, reserved 1069056K
  class space    used 2675K, capacity 2751K, committed 2816K, reserved 1048576K
Event: 5.261 GC heap after
Heap after GC invocations=4 (full 0):
 PSYoungGen      total 31232K, used 2531K [0x00000000ec600000, 0x00000000ee900000, 0x0000000100000000)
  eden space 28672K, 0% used [0x00000000ec600000,0x00000000ec600000,0x00000000ee200000)
  from space 2560K, 98% used [0x00000000ee480000,0x00000000ee6f8d90,0x00000000ee700000)
  to   space 2560K, 0% used [0x00000000ee200000,0x00000000ee200000,0x00000000ee480000)
 ParOldGen       total 40960K, used 10070K [0x00000000c5200000, 0x00000000c7a00000, 0x00000000ec600000)
  object space 40960K, 24% used [0x00000000c5200000,0x00000000c5bd59f0,0x00000000c7a00000)
 Metaspace       used 20751K, capacity 20992K, committed 21296K, reserved 1069056K
  class space    used 2675K, capacity 2751K, committed 2816K, reserved 1048576K
}
Event: 5.261 GC heap before
{Heap before GC invocations=5 (full 1):
 PSYoungGen      total 31232K, used 2531K [0x00000000ec600000, 0x00000000ee900000, 0x0000000100000000)
  eden space 28672K, 0% used [0x00000000ec600000,0x00000000ec600000,0x00000000ee200000)
  from space 2560K, 98% used [0x00000000ee480000,0x00000000ee6f8d90,0x00000000ee700000)
  to   space 2560K, 0% used [0x00000000ee200000,0x00000000ee200000,0x00000000ee480000)
 ParOldGen       total 40960K, used 10070K [0x00000000c5200000, 0x00000000c7a00000, 0x00000000ec600000)
  object space 40960K, 24% used [0x00000000c5200000,0x00000000c5bd59f0,0x00000000c7a00000)
 Metaspace       used 20751K, capacity 20992K, committed 21296K, reserved 1069056K
  class space    used 2675K, capacity 2751K, committed 2816K, reserved 1048576K
Event: 5.333 GC heap after
Heap after GC invocations=5 (full 1):
 PSYoungGen      total 31232K, used 0K [0x00000000ec600000, 0x00000000ee900000, 0x0000000100000000)
  eden space 28672K, 0% used [0x00000000ec600000,0x00000000ec600000,0x00000000ee200000)
  from space 2560K, 0% used [0x00000000ee480000,0x00000000ee480000,0x00000000ee700000)
  to   space 2560K, 0% used [0x00000000ee200000,0x00000000ee200000,0x00000000ee480000)
 ParOldGen       total 34816K, used 10499K [0x00000000c5200000, 0x00000000c7400000, 0x00000000ec600000)
  object space 34816K, 30% used [0x00000000c5200000,0x00000000c5c40c18,0x00000000c7400000)
 Metaspace       used 20751K, capacity 20992K, committed 21296K, reserved 1069056K
  class space    used 2675K, capacity 2751K, committed 2816K, reserved 1048576K
}
Event: 13.725 GC heap before
{Heap before GC invocations=6 (full 1):
 PSYoungGen      total 31232K, used 28641K [0x00000000ec600000, 0x00000000ee900000, 0x0000000100000000)
  eden space 28672K, 99% used [0x00000000ec600000,0x00000000ee1f8798,0x00000000ee200000)
  from space 2560K, 0% used [0x00000000ee480000,0x00000000ee480000,0x00000000ee700000)
  to   space 2560K, 0% used [0x00000000ee200000,0x00000000ee200000,0x00000000ee480000)
 ParOldGen       total 34816K, used 10499K [0x00000000c5200000, 0x00000000c7400000, 0x00000000ec600000)
  object space 34816K, 30% used [0x00000000c5200000,0x00000000c5c40c18,0x00000000c7400000)
 Metaspace       used 22382K, capacity 22690K, committed 22960K, reserved 1069056K
  class space    used 2831K, capacity 2922K, committed 2944K, reserved 1048576K
Event: 13.730 GC heap after
Heap after GC invocations=6 (full 1):
 PSYoungGen      total 31232K, used 2543K [0x00000000ec600000, 0x00000000f0980000, 0x0000000100000000)
  eden space 28672K, 0% used [0x00000000ec600000,0x00000000ec600000,0x00000000ee200000)
  from space 2560K, 99% used [0x00000000ee200000,0x00000000ee47bc40,0x00000000ee480000)
  to   space 8704K, 0% used [0x00000000f0100000,0x00000000f0100000,0x00000000f0980000)
 ParOldGen       total 34816K, used 10871K [0x00000000c5200000, 0x00000000c7400000, 0x00000000ec600000)
  object space 34816K, 31% used [0x00000000c5200000,0x00000000c5c9dc38,0x00000000c7400000)
 Metaspace       used 22382K, capacity 22690K, committed 22960K, reserved 1069056K
  class space    used 2831K, capacity 2922K, committed 2944K, reserved 1048576K
}

